Added Component: Designator=C1(RAD-0.3)
Added Component: Designator=C2(RAD-0.3)
Added Component: Designator=C3(RAD-0.3)
Added Component: Designator=C4(RAD-0.3)
Added Component: Designator=C5(RAD-0.3)
Added Component: Designator=C6(RAD-0.3)
Added Component: Designator=C7(RAD-0.3)
Added Component: Designator=C8(RAD-0.3)
Added Component: Designator=C9(RAD-0.3)
Added Component: Designator=C10(RAD-0.3)
Added Component: Designator=C11(RAD-0.3)
Added Component: Designator=C12(RAD-0.3)
Added Component: Designator=C13(RAD-0.3)
Added Component: Designator=C14(RAD-0.3)
Added Component: Designator=C15(RAD-0.3)
Added Component: Designator=C16(RAD-0.3)
Added Component: Designator=C17(RAD-0.3)
Added Component: Designator=C18(RAD-0.3)
Added Component: Designator=C19(RAD-0.3)
Added Component: Designator=C20(RAD-0.3)
Added Component: Designator=C21(RAD-0.3)
Added Component: Designator=C22(RAD-0.3)
Added Component: Designator=C23(RAD-0.3)
Added Component: Designator=C24(RAD-0.3)
Added Component: Designator=C25(RAD-0.3)
Added Component: Designator=C26(RAD-0.3)
Added Component: Designator=C27(RAD-0.3)
Added Component: Designator=C28(RAD-0.3)
Added Component: Designator=C29(RAD-0.3)
Added Component: Designator=C30(RAD-0.3)
Added Component: Designator=C31(RAD-0.3)
Added Component: Designator=C32(RAD-0.3)
Added Component: Designator=C33(RAD-0.3)
Added Component: Designator=C34(RAD-0.3)
Added Component: Designator=C35(RAD-0.3)
Added Component: Designator=C36(RAD-0.3)
Added Component: Designator=D1(SMB)
Added Component: Designator=D2(3.2X1.6X1.1)
Added Component: Designator=D3(SMB)
Added Component: Designator=L1(0402-A)
Added Component: Designator=P1(HDR1X10)
Added Component: Designator=P2(HDR1X11)
Added Component: Designator=P3(HDR1X14)
Added Component: Designator=R1(AXIAL-0.3)
Added Component: Designator=R2(AXIAL-0.3)
Added Component: Designator=R3(AXIAL-0.3)
Added Component: Designator=R4(AXIAL-0.3)
Added Component: Designator=R5(AXIAL-0.3)
Added Component: Designator=R6(AXIAL-0.3)
Added Component: Designator=R7(AXIAL-0.3)
Added Component: Designator=R8(AXIAL-0.3)
Added Component: Designator=R9(AXIAL-0.3)
Added Component: Designator=R10(AXIAL-0.3)
Added Component: Designator=R11(AXIAL-0.3)
Added Component: Designator=U2(TI-DSE6_V)
Added Component: Designator=U3(DRY6)
Added Component: Designator=Y1(R38)
Added Component: Designator=Y2(R38)
Added Pin To Net: NetName=1V2 Pin=C5-1
Added Pin To Net: NetName=1V2 Pin=C6-1
Added Pin To Net: NetName=1V2 Pin=C7-1
Added Pin To Net: NetName=1V2 Pin=C8-1
Added Pin To Net: NetName=1V2 Pin=C9-1
Added Pin To Net: NetName=1V2 Pin=C21-1
Added Pin To Net: NetName=1V2 Pin=C22-2
Added Pin To Net: NetName=1V2 Pin=C23-1
Added Pin To Net: NetName=1V2 Pin=C24-1
Added Pin To Net: NetName=1V2 Pin=C25-2
Added Pin To Net: NetName=1V2 Pin=C26-2
Added Pin To Net: NetName=1V2 Pin=C27-2
Added Pin To Net: NetName=1V2 Pin=C28-2
Added Pin To Net: NetName=1V2 Pin=C29-2
Added Pin To Net: NetName=1V2 Pin=C30-2
Added Pin To Net: NetName=1V2 Pin=C31-2
Added Pin To Net: NetName=1V2 Pin=C32-2
Added Pin To Net: NetName=1V2 Pin=C33-2
Added Pin To Net: NetName=1V2 Pin=C34-2
Added Pin To Net: NetName=1V2 Pin=C35-2
Added Pin To Net: NetName=1V2 Pin=C36-2
Added Pin To Net: NetName=1V2 Pin=D2-2
Added Pin To Net: NetName=1V2 Pin=P2-11
Added Pin To Net: NetName=1V2 Pin=P3-14
Added Pin To Net: NetName=1V2 Pin=R1-1
Added Pin To Net: NetName=1V2 Pin=R2-1
Added Pin To Net: NetName=1V2 Pin=R9-1
Added Pin To Net: NetName=1V2 Pin=U2-4
Added Pin To Net: NetName=1V2 Pin=U3-4
Added Net: Name=1V2
Added Pin To Net: NetName=3V3 Pin=C1-1
Added Pin To Net: NetName=3V3 Pin=C2-1
Added Pin To Net: NetName=3V3 Pin=C12-1
Added Pin To Net: NetName=3V3 Pin=C13-1
Added Pin To Net: NetName=3V3 Pin=C14-1
Added Pin To Net: NetName=3V3 Pin=C15-1
Added Pin To Net: NetName=3V3 Pin=C16-1
Added Pin To Net: NetName=3V3 Pin=C17-1
Added Pin To Net: NetName=3V3 Pin=C18-1
Added Pin To Net: NetName=3V3 Pin=C19-1
Added Pin To Net: NetName=3V3 Pin=C20-1
Added Pin To Net: NetName=3V3 Pin=C24-2
Added Pin To Net: NetName=3V3 Pin=C29-1
Added Pin To Net: NetName=3V3 Pin=C30-1
Added Pin To Net: NetName=3V3 Pin=C31-1
Added Pin To Net: NetName=3V3 Pin=C32-1
Added Pin To Net: NetName=3V3 Pin=C33-1
Added Pin To Net: NetName=3V3 Pin=D1-1
Added Pin To Net: NetName=3V3 Pin=L1-1
Added Pin To Net: NetName=3V3 Pin=P3-2
Added Pin To Net: NetName=3V3 Pin=R3-2
Added Pin To Net: NetName=3V3 Pin=R4-2
Added Pin To Net: NetName=3V3 Pin=R5-2
Added Pin To Net: NetName=3V3 Pin=R6-2
Added Pin To Net: NetName=3V3 Pin=R7-2
Added Pin To Net: NetName=3V3 Pin=R8-2
Added Pin To Net: NetName=3V3 Pin=U2-5
Added Net: Name=3V3
Added Pin To Net: NetName=5V Pin=C22-1
Added Pin To Net: NetName=5V Pin=C23-2
Added Pin To Net: NetName=5V Pin=D3-2
Added Pin To Net: NetName=5V Pin=P3-3
Added Pin To Net: NetName=5V Pin=U2-1
Added Pin To Net: NetName=5V Pin=U2-2
Added Pin To Net: NetName=5V Pin=U2-3
Added Pin To Net: NetName=5V Pin=U3-6
Added Net: Name=5V
Added Pin To Net: NetName=A3V3 Pin=C25-1
Added Pin To Net: NetName=A3V3 Pin=L1-2
Added Net: Name=A3V3
Added Pin To Net: NetName=NetC3_1 Pin=C3-1
Added Pin To Net: NetName=NetC3_1 Pin=C4-1
Added Net: Name=NetC3_1
Added Pin To Net: NetName=NetC3_2 Pin=C3-2
Added Pin To Net: NetName=NetC3_2 Pin=C4-2
Added Pin To Net: NetName=NetC3_2 Pin=R1-2
Added Net: Name=NetC3_2
Added Pin To Net: NetName=NetC10_1 Pin=C10-1
Added Pin To Net: NetName=NetC10_1 Pin=C11-1
Added Net: Name=NetC10_1
Added Pin To Net: NetName=NetC10_2 Pin=C10-2
Added Pin To Net: NetName=NetC10_2 Pin=C11-2
Added Pin To Net: NetName=NetC10_2 Pin=R2-2
Added Net: Name=NetC10_2
Added Pin To Net: NetName=NetC26_1 Pin=C26-1
Added Pin To Net: NetName=NetC26_1 Pin=Y1-1
Added Net: Name=NetC26_1
Added Pin To Net: NetName=NetC27_1 Pin=C27-1
Added Pin To Net: NetName=NetC27_1 Pin=Y1-2
Added Net: Name=NetC27_1
Added Pin To Net: NetName=NetC28_1 Pin=C28-1
Added Pin To Net: NetName=NetC28_1 Pin=P3-13
Added Net: Name=NetC28_1
Added Pin To Net: NetName=NetC34_1 Pin=C34-1
Added Net: Name=NetC34_1
Added Pin To Net: NetName=NetC35_1 Pin=C35-1
Added Pin To Net: NetName=NetC35_1 Pin=Y2-1
Added Net: Name=NetC35_1
Added Pin To Net: NetName=NetC36_1 Pin=C36-1
Added Pin To Net: NetName=NetC36_1 Pin=Y2-2
Added Net: Name=NetC36_1
Added Pin To Net: NetName=NetCN1_1 Pin=D3-1
Added Net: Name=NetCN1_1
Added Pin To Net: NetName=NetD1_2 Pin=D1-2
Added Net: Name=NetD1_2
Added Pin To Net: NetName=NetD2_1 Pin=D2-1
Added Pin To Net: NetName=NetD2_1 Pin=R8-1
Added Net: Name=NetD2_1
Added Pin To Net: NetName=NetP1_1 Pin=P1-1
Added Net: Name=NetP1_1
Added Pin To Net: NetName=NetP1_2 Pin=P1-2
Added Net: Name=NetP1_2
Added Pin To Net: NetName=NetP1_3 Pin=P1-3
Added Net: Name=NetP1_3
Added Pin To Net: NetName=NetP1_4 Pin=P1-4
Added Net: Name=NetP1_4
Added Pin To Net: NetName=NetP1_5 Pin=P1-5
Added Net: Name=NetP1_5
Added Pin To Net: NetName=NetP1_6 Pin=P1-6
Added Net: Name=NetP1_6
Added Pin To Net: NetName=NetP1_7 Pin=P1-7
Added Net: Name=NetP1_7
Added Pin To Net: NetName=NetP1_8 Pin=P1-8
Added Net: Name=NetP1_8
Added Pin To Net: NetName=NetP1_9 Pin=P1-9
Added Net: Name=NetP1_9
Added Pin To Net: NetName=NetP1_10 Pin=P1-10
Added Net: Name=NetP1_10
Added Pin To Net: NetName=NetP2_1 Pin=P2-1
Added Net: Name=NetP2_1
Added Pin To Net: NetName=NetP2_2 Pin=P2-2
Added Net: Name=NetP2_2
Added Pin To Net: NetName=NetP2_3 Pin=P2-3
Added Net: Name=NetP2_3
Added Pin To Net: NetName=NetP2_4 Pin=P2-4
Added Net: Name=NetP2_4
Added Pin To Net: NetName=NetP2_5 Pin=P2-5
Added Net: Name=NetP2_5
Added Pin To Net: NetName=NetP2_6 Pin=P2-6
Added Net: Name=NetP2_6
Added Pin To Net: NetName=NetP2_7 Pin=P2-7
Added Net: Name=NetP2_7
Added Pin To Net: NetName=NetP2_8 Pin=P2-8
Added Net: Name=NetP2_8
Added Pin To Net: NetName=NetP2_9 Pin=P2-9
Added Net: Name=NetP2_9
Added Pin To Net: NetName=NetP2_10 Pin=P2-10
Added Net: Name=NetP2_10
Added Pin To Net: NetName=NetP3_4 Pin=P3-4
Added Net: Name=NetP3_4
Added Pin To Net: NetName=NetP3_5 Pin=P3-5
Added Net: Name=NetP3_5
Added Pin To Net: NetName=NetP3_6 Pin=P3-6
Added Net: Name=NetP3_6
Added Pin To Net: NetName=NetP3_7 Pin=P3-7
Added Net: Name=NetP3_7
Added Pin To Net: NetName=NetP3_8 Pin=P3-8
Added Net: Name=NetP3_8
Added Pin To Net: NetName=NetP3_9 Pin=P3-9
Added Net: Name=NetP3_9
Added Pin To Net: NetName=NetP3_10 Pin=P3-10
Added Net: Name=NetP3_10
Added Pin To Net: NetName=NetP3_11 Pin=P3-11
Added Net: Name=NetP3_11
Added Pin To Net: NetName=NetP3_12 Pin=P3-12
Added Pin To Net: NetName=NetP3_12 Pin=R9-2
Added Net: Name=NetP3_12
Added Pin To Net: NetName=NetR3_1 Pin=R3-1
Added Net: Name=NetR3_1
Added Pin To Net: NetName=NetR4_1 Pin=R4-1
Added Net: Name=NetR4_1
Added Pin To Net: NetName=NetR5_1 Pin=R5-1
Added Net: Name=NetR5_1
Added Pin To Net: NetName=NetR6_1 Pin=R6-1
Added Net: Name=NetR6_1
Added Pin To Net: NetName=NetR7_1 Pin=R7-1
Added Net: Name=NetR7_1
Added Pin To Net: NetName=NetR10_1 Pin=R10-1
Added Net: Name=NetR10_1
Added Pin To Net: NetName=NetR11_1 Pin=R11-1
Added Net: Name=NetR11_1
Added Net: Name=NetU1_63
Added Net: Name=NetU1_64
Added Net: Name=NetU1_67
Added Net: Name=NetU1_73
Added Net: Name=NetU1_74
Added Net: Name=NetU1_75
Added Net: Name=NetU1_76
Added Net: Name=NetU1_78
Added Net: Name=NetU1_79
Added Pin To Net: NetName=USBD+ Pin=R11-2
Added Pin To Net: NetName=USBD+ Pin=U3-1
Added Net: Name=USBD+
Added Pin To Net: NetName=USBD- Pin=R10-2
Added Pin To Net: NetName=USBD- Pin=U3-2
Added Net: Name=USBD-
Added Class: Name=ICE40IO
Added Class: Name=ICE40
Added Class: Name=Power
Added Class: Name=STM32F4
Added Class: Name=Toplevel
Added Room: Name=ICE40
Added Room: Name=ICE40IO
Added Room: Name=Power
Added Room: Name=STM32F4
Added Room: Name=Toplevel
